<?xml version="1.0" encoding="UTF-8"?>
<testsuite xmlns:xsi="http://www.w3.org/2001/XMLSchema-instance" xsi:noNamespaceSchemaLocation="https://maven.apache.org/surefire/maven-failsafe-plugin/xsd/failsafe-test-report.xsd" name="uk.gov.service.bluebadge.test.acceptance.AcceptanceTest" time="30.869" tests="25" errors="8" skipped="12" failures="0">
  <properties>
    <property name="gopherProxySet" value="false"/>
    <property name="awt.toolkit" value="sun.lwawt.macosx.LWCToolkit"/>
    <property name="file.encoding.pkg" value="sun.io"/>
    <property name="java.specification.version" value="1.8"/>
    <property name="sun.cpu.isalist" value=""/>
    <property name="sun.jnu.encoding" value="UTF-8"/>
    <property name="java.class.path" value="/Users/sampath.mahavithana/Desktop/DftBlueBadge/Projects/selenium_maven_cucumber/acceptance-tests/target/test-classes:/Users/sampath.mahavithana/Desktop/DftBlueBadge/Projects/selenium_maven_cucumber/acceptance-tests/target/acceptance-tests-null.jar:/Users/sampath.mahavithana/.m2/repository/info/cukes/cucumber-java/1.2.5/cucumber-java-1.2.5.jar:/Users/sampath.mahavithana/.m2/repository/info/cukes/cucumber-core/1.2.5/cucumber-core-1.2.5.jar:/Users/sampath.mahavithana/.m2/repository/info/cukes/cucumber-html/0.2.3/cucumber-html-0.2.3.jar:/Users/sampath.mahavithana/.m2/repository/info/cukes/cucumber-jvm-deps/1.0.5/cucumber-jvm-deps-1.0.5.jar:/Users/sampath.mahavithana/.m2/repository/info/cukes/gherkin/2.12.2/gherkin-2.12.2.jar:/Users/sampath.mahavithana/.m2/repository/info/cukes/cucumber-junit/1.2.5/cucumber-junit-1.2.5.jar:/Users/sampath.mahavithana/.m2/repository/info/cukes/cucumber-spring/1.2.5/cucumber-spring-1.2.5.jar:/Users/sampath.mahavithana/.m2/repository/org/springframework/spring-context/5.0.4.RELEASE/spring-context-5.0.4.RELEASE.jar:/Users/sampath.mahavithana/.m2/repository/org/springframework/spring-aop/5.0.4.RELEASE/spring-aop-5.0.4.RELEASE.jar:/Users/sampath.mahavithana/.m2/repository/org/springframework/spring-beans/5.0.4.RELEASE/spring-beans-5.0.4.RELEASE.jar:/Users/sampath.mahavithana/.m2/repository/org/springframework/spring-core/5.0.4.RELEASE/spring-core-5.0.4.RELEASE.jar:/Users/sampath.mahavithana/.m2/repository/org/springframework/spring-jcl/5.0.4.RELEASE/spring-jcl-5.0.4.RELEASE.jar:/Users/sampath.mahavithana/.m2/repository/org/springframework/spring-expression/5.0.4.RELEASE/spring-expression-5.0.4.RELEASE.jar:/Users/sampath.mahavithana/.m2/repository/org/springframework/spring-test/5.0.4.RELEASE/spring-test-5.0.4.RELEASE.jar:/Users/sampath.mahavithana/.m2/repository/org/seleniumhq/selenium/selenium-java/3.10.0/selenium-java-3.10.0.jar:/Users/sampath.mahavithana/.m2/repository/org/seleniumhq/selenium/selenium-api/3.10.0/selenium-api-3.10.0.jar:/Users/sampath.mahavithana/.m2/repository/org/seleniumhq/selenium/selenium-edge-driver/3.10.0/selenium-edge-driver-3.10.0.jar:/Users/sampath.mahavithana/.m2/repository/org/seleniumhq/selenium/selenium-firefox-driver/3.10.0/selenium-firefox-driver-3.10.0.jar:/Users/sampath.mahavithana/.m2/repository/org/seleniumhq/selenium/selenium-ie-driver/3.10.0/selenium-ie-driver-3.10.0.jar:/Users/sampath.mahavithana/.m2/repository/org/seleniumhq/selenium/selenium-opera-driver/3.10.0/selenium-opera-driver-3.10.0.jar:/Users/sampath.mahavithana/.m2/repository/org/seleniumhq/selenium/selenium-remote-driver/3.10.0/selenium-remote-driver-3.10.0.jar:/Users/sampath.mahavithana/.m2/repository/org/seleniumhq/selenium/selenium-safari-driver/3.10.0/selenium-safari-driver-3.10.0.jar:/Users/sampath.mahavithana/.m2/repository/org/seleniumhq/selenium/selenium-support/3.10.0/selenium-support-3.10.0.jar:/Users/sampath.mahavithana/.m2/repository/net/bytebuddy/byte-buddy/1.7.9/byte-buddy-1.7.9.jar:/Users/sampath.mahavithana/.m2/repository/org/apache/commons/commons-exec/1.3/commons-exec-1.3.jar:/Users/sampath.mahavithana/.m2/repository/commons-codec/commons-codec/1.10/commons-codec-1.10.jar:/Users/sampath.mahavithana/.m2/repository/commons-logging/commons-logging/1.2/commons-logging-1.2.jar:/Users/sampath.mahavithana/.m2/repository/com/google/code/gson/gson/2.8.2/gson-2.8.2.jar:/Users/sampath.mahavithana/.m2/repository/com/google/guava/guava/23.6-jre/guava-23.6-jre.jar:/Users/sampath.mahavithana/.m2/repository/com/google/code/findbugs/jsr305/1.3.9/jsr305-1.3.9.jar:/Users/sampath.mahavithana/.m2/repository/org/checkerframework/checker-compat-qual/2.0.0/checker-compat-qual-2.0.0.jar:/Users/sampath.mahavithana/.m2/repository/com/google/errorprone/error_prone_annotations/2.1.3/error_prone_annotations-2.1.3.jar:/Users/sampath.mahavithana/.m2/repository/com/google/j2objc/j2objc-annotations/1.1/j2objc-annotations-1.1.jar:/Users/sampath.mahavithana/.m2/repository/org/codehaus/mojo/animal-sniffer-annotations/1.14/animal-sniffer-annotations-1.14.jar:/Users/sampath.mahavithana/.m2/repository/org/apache/httpcomponents/httpclient/4.5.3/httpclient-4.5.3.jar:/Users/sampath.mahavithana/.m2/repository/org/apache/httpcomponents/httpcore/4.4.6/httpcore-4.4.6.jar:/Users/sampath.mahavithana/.m2/repository/com/squareup/okhttp3/okhttp/3.9.1/okhttp-3.9.1.jar:/Users/sampath.mahavithana/.m2/repository/com/squareup/okio/okio/1.13.0/okio-1.13.0.jar:/Users/sampath.mahavithana/.m2/repository/org/seleniumhq/selenium/selenium-chrome-driver/3.10.0/selenium-chrome-driver-3.10.0.jar:/Users/sampath.mahavithana/.m2/repository/junit/junit/4.12/junit-4.12.jar:/Users/sampath.mahavithana/.m2/repository/org/hamcrest/hamcrest-core/1.3/hamcrest-core-1.3.jar:/Users/sampath.mahavithana/.m2/repository/commons-io/commons-io/2.6/commons-io-2.6.jar:/Users/sampath.mahavithana/.m2/repository/org/slf4j/slf4j-api/1.7.25/slf4j-api-1.7.25.jar:/Users/sampath.mahavithana/.m2/repository/org/hamcrest/java-hamcrest/2.0.0.0/java-hamcrest-2.0.0.0.jar:/Users/sampath.mahavithana/.m2/repository/net/masterthought/cucumber-reporting/3.8.0/cucumber-reporting-3.8.0.jar:/Users/sampath.mahavithana/.m2/repository/org/apache/logging/log4j/log4j-api/2.6/log4j-api-2.6.jar:/Users/sampath.mahavithana/.m2/repository/org/apache/logging/log4j/log4j-core/2.6/log4j-core-2.6.jar:/Users/sampath.mahavithana/.m2/repository/com/fasterxml/jackson/core/jackson-databind/2.8.5/jackson-databind-2.8.5.jar:/Users/sampath.mahavithana/.m2/repository/com/fasterxml/jackson/core/jackson-annotations/2.8.0/jackson-annotations-2.8.0.jar:/Users/sampath.mahavithana/.m2/repository/com/fasterxml/jackson/core/jackson-core/2.8.5/jackson-core-2.8.5.jar:/Users/sampath.mahavithana/.m2/repository/org/apache/velocity/velocity/1.7/velocity-1.7.jar:/Users/sampath.mahavithana/.m2/repository/commons-collections/commons-collections/3.2.1/commons-collections-3.2.1.jar:/Users/sampath.mahavithana/.m2/repository/commons-lang/commons-lang/2.4/commons-lang-2.4.jar:/Users/sampath.mahavithana/.m2/repository/velocity-tools/velocity-tools/1.4/velocity-tools-1.4.jar:/Users/sampath.mahavithana/.m2/repository/joda-time/joda-time/2.9.6/joda-time-2.9.6.jar:/Users/sampath.mahavithana/.m2/repository/org/apache/commons/commons-lang3/3.5/commons-lang3-3.5.jar:/Users/sampath.mahavithana/.m2/repository/net/lingala/zip4j/zip4j/1.3.2/zip4j-1.3.2.jar:/Users/sampath.mahavithana/.m2/repository/org/codehaus/plexus/plexus-utils/3.0.24/plexus-utils-3.0.24.jar:/Users/sampath.mahavithana/.m2/repository/org/jsoup/jsoup/1.10.1/jsoup-1.10.1.jar:/Users/sampath.mahavithana/.m2/repository/com/googlecode/owasp-java-html-sanitizer/owasp-java-html-sanitizer/20160924.1/owasp-java-html-sanitizer-20160924.1.jar:"/>
    <property name="java.vm.vendor" value="Oracle Corporation"/>
    <property name="sun.arch.data.model" value="64"/>
    <property name="java.vendor.url" value="http://java.oracle.com/"/>
    <property name="user.timezone" value=""/>
    <property name="java.vm.specification.version" value="1.8"/>
    <property name="os.name" value="Mac OS X"/>
    <property name="user.country" value="GB"/>
    <property name="sun.java.launcher" value="SUN_STANDARD"/>
    <property name="sun.boot.library.path" value="/Library/Java/JavaVirtualMachines/jdk1.8.0_151.jdk/Contents/Home/jre/lib"/>
    <property name="sun.java.command" value="/Users/sampath.mahavithana/Desktop/DftBlueBadge/Projects/selenium_maven_cucumber/acceptance-tests/target/surefire/surefirebooter267423319156550672.jar /Users/sampath.mahavithana/Desktop/DftBlueBadge/Projects/selenium_maven_cucumber/acceptance-tests/target/surefire 2018-07-10T11-11-53_110-jvmRun1 surefire2883827237354995289tmp surefire_05307761961112479815tmp"/>
    <property name="http.nonProxyHosts" value="local|*.local|169.254/16|*.169.254/16"/>
    <property name="surefire.test.class.path" value="/Users/sampath.mahavithana/Desktop/DftBlueBadge/Projects/selenium_maven_cucumber/acceptance-tests/target/test-classes:/Users/sampath.mahavithana/Desktop/DftBlueBadge/Projects/selenium_maven_cucumber/acceptance-tests/target/acceptance-tests-null.jar:/Users/sampath.mahavithana/.m2/repository/info/cukes/cucumber-java/1.2.5/cucumber-java-1.2.5.jar:/Users/sampath.mahavithana/.m2/repository/info/cukes/cucumber-core/1.2.5/cucumber-core-1.2.5.jar:/Users/sampath.mahavithana/.m2/repository/info/cukes/cucumber-html/0.2.3/cucumber-html-0.2.3.jar:/Users/sampath.mahavithana/.m2/repository/info/cukes/cucumber-jvm-deps/1.0.5/cucumber-jvm-deps-1.0.5.jar:/Users/sampath.mahavithana/.m2/repository/info/cukes/gherkin/2.12.2/gherkin-2.12.2.jar:/Users/sampath.mahavithana/.m2/repository/info/cukes/cucumber-junit/1.2.5/cucumber-junit-1.2.5.jar:/Users/sampath.mahavithana/.m2/repository/info/cukes/cucumber-spring/1.2.5/cucumber-spring-1.2.5.jar:/Users/sampath.mahavithana/.m2/repository/org/springframework/spring-context/5.0.4.RELEASE/spring-context-5.0.4.RELEASE.jar:/Users/sampath.mahavithana/.m2/repository/org/springframework/spring-aop/5.0.4.RELEASE/spring-aop-5.0.4.RELEASE.jar:/Users/sampath.mahavithana/.m2/repository/org/springframework/spring-beans/5.0.4.RELEASE/spring-beans-5.0.4.RELEASE.jar:/Users/sampath.mahavithana/.m2/repository/org/springframework/spring-core/5.0.4.RELEASE/spring-core-5.0.4.RELEASE.jar:/Users/sampath.mahavithana/.m2/repository/org/springframework/spring-jcl/5.0.4.RELEASE/spring-jcl-5.0.4.RELEASE.jar:/Users/sampath.mahavithana/.m2/repository/org/springframework/spring-expression/5.0.4.RELEASE/spring-expression-5.0.4.RELEASE.jar:/Users/sampath.mahavithana/.m2/repository/org/springframework/spring-test/5.0.4.RELEASE/spring-test-5.0.4.RELEASE.jar:/Users/sampath.mahavithana/.m2/repository/org/seleniumhq/selenium/selenium-java/3.10.0/selenium-java-3.10.0.jar:/Users/sampath.mahavithana/.m2/repository/org/seleniumhq/selenium/selenium-api/3.10.0/selenium-api-3.10.0.jar:/Users/sampath.mahavithana/.m2/repository/org/seleniumhq/selenium/selenium-edge-driver/3.10.0/selenium-edge-driver-3.10.0.jar:/Users/sampath.mahavithana/.m2/repository/org/seleniumhq/selenium/selenium-firefox-driver/3.10.0/selenium-firefox-driver-3.10.0.jar:/Users/sampath.mahavithana/.m2/repository/org/seleniumhq/selenium/selenium-ie-driver/3.10.0/selenium-ie-driver-3.10.0.jar:/Users/sampath.mahavithana/.m2/repository/org/seleniumhq/selenium/selenium-opera-driver/3.10.0/selenium-opera-driver-3.10.0.jar:/Users/sampath.mahavithana/.m2/repository/org/seleniumhq/selenium/selenium-remote-driver/3.10.0/selenium-remote-driver-3.10.0.jar:/Users/sampath.mahavithana/.m2/repository/org/seleniumhq/selenium/selenium-safari-driver/3.10.0/selenium-safari-driver-3.10.0.jar:/Users/sampath.mahavithana/.m2/repository/org/seleniumhq/selenium/selenium-support/3.10.0/selenium-support-3.10.0.jar:/Users/sampath.mahavithana/.m2/repository/net/bytebuddy/byte-buddy/1.7.9/byte-buddy-1.7.9.jar:/Users/sampath.mahavithana/.m2/repository/org/apache/commons/commons-exec/1.3/commons-exec-1.3.jar:/Users/sampath.mahavithana/.m2/repository/commons-codec/commons-codec/1.10/commons-codec-1.10.jar:/Users/sampath.mahavithana/.m2/repository/commons-logging/commons-logging/1.2/commons-logging-1.2.jar:/Users/sampath.mahavithana/.m2/repository/com/google/code/gson/gson/2.8.2/gson-2.8.2.jar:/Users/sampath.mahavithana/.m2/repository/com/google/guava/guava/23.6-jre/guava-23.6-jre.jar:/Users/sampath.mahavithana/.m2/repository/com/google/code/findbugs/jsr305/1.3.9/jsr305-1.3.9.jar:/Users/sampath.mahavithana/.m2/repository/org/checkerframework/checker-compat-qual/2.0.0/checker-compat-qual-2.0.0.jar:/Users/sampath.mahavithana/.m2/repository/com/google/errorprone/error_prone_annotations/2.1.3/error_prone_annotations-2.1.3.jar:/Users/sampath.mahavithana/.m2/repository/com/google/j2objc/j2objc-annotations/1.1/j2objc-annotations-1.1.jar:/Users/sampath.mahavithana/.m2/repository/org/codehaus/mojo/animal-sniffer-annotations/1.14/animal-sniffer-annotations-1.14.jar:/Users/sampath.mahavithana/.m2/repository/org/apache/httpcomponents/httpclient/4.5.3/httpclient-4.5.3.jar:/Users/sampath.mahavithana/.m2/repository/org/apache/httpcomponents/httpcore/4.4.6/httpcore-4.4.6.jar:/Users/sampath.mahavithana/.m2/repository/com/squareup/okhttp3/okhttp/3.9.1/okhttp-3.9.1.jar:/Users/sampath.mahavithana/.m2/repository/com/squareup/okio/okio/1.13.0/okio-1.13.0.jar:/Users/sampath.mahavithana/.m2/repository/org/seleniumhq/selenium/selenium-chrome-driver/3.10.0/selenium-chrome-driver-3.10.0.jar:/Users/sampath.mahavithana/.m2/repository/junit/junit/4.12/junit-4.12.jar:/Users/sampath.mahavithana/.m2/repository/org/hamcrest/hamcrest-core/1.3/hamcrest-core-1.3.jar:/Users/sampath.mahavithana/.m2/repository/commons-io/commons-io/2.6/commons-io-2.6.jar:/Users/sampath.mahavithana/.m2/repository/org/slf4j/slf4j-api/1.7.25/slf4j-api-1.7.25.jar:/Users/sampath.mahavithana/.m2/repository/org/hamcrest/java-hamcrest/2.0.0.0/java-hamcrest-2.0.0.0.jar:/Users/sampath.mahavithana/.m2/repository/net/masterthought/cucumber-reporting/3.8.0/cucumber-reporting-3.8.0.jar:/Users/sampath.mahavithana/.m2/repository/org/apache/logging/log4j/log4j-api/2.6/log4j-api-2.6.jar:/Users/sampath.mahavithana/.m2/repository/org/apache/logging/log4j/log4j-core/2.6/log4j-core-2.6.jar:/Users/sampath.mahavithana/.m2/repository/com/fasterxml/jackson/core/jackson-databind/2.8.5/jackson-databind-2.8.5.jar:/Users/sampath.mahavithana/.m2/repository/com/fasterxml/jackson/core/jackson-annotations/2.8.0/jackson-annotations-2.8.0.jar:/Users/sampath.mahavithana/.m2/repository/com/fasterxml/jackson/core/jackson-core/2.8.5/jackson-core-2.8.5.jar:/Users/sampath.mahavithana/.m2/repository/org/apache/velocity/velocity/1.7/velocity-1.7.jar:/Users/sampath.mahavithana/.m2/repository/commons-collections/commons-collections/3.2.1/commons-collections-3.2.1.jar:/Users/sampath.mahavithana/.m2/repository/commons-lang/commons-lang/2.4/commons-lang-2.4.jar:/Users/sampath.mahavithana/.m2/repository/velocity-tools/velocity-tools/1.4/velocity-tools-1.4.jar:/Users/sampath.mahavithana/.m2/repository/joda-time/joda-time/2.9.6/joda-time-2.9.6.jar:/Users/sampath.mahavithana/.m2/repository/org/apache/commons/commons-lang3/3.5/commons-lang3-3.5.jar:/Users/sampath.mahavithana/.m2/repository/net/lingala/zip4j/zip4j/1.3.2/zip4j-1.3.2.jar:/Users/sampath.mahavithana/.m2/repository/org/codehaus/plexus/plexus-utils/3.0.24/plexus-utils-3.0.24.jar:/Users/sampath.mahavithana/.m2/repository/org/jsoup/jsoup/1.10.1/jsoup-1.10.1.jar:/Users/sampath.mahavithana/.m2/repository/com/googlecode/owasp-java-html-sanitizer/owasp-java-html-sanitizer/20160924.1/owasp-java-html-sanitizer-20160924.1.jar:"/>
    <property name="sun.cpu.endian" value="little"/>
    <property name="user.home" value="/Users/sampath.mahavithana"/>
    <property name="user.language" value="en"/>
    <property name="java.specification.vendor" value="Oracle Corporation"/>
    <property name="java.home" value="/Library/Java/JavaVirtualMachines/jdk1.8.0_151.jdk/Contents/Home/jre"/>
    <property name="basedir" value="/Users/sampath.mahavithana/Desktop/DftBlueBadge/Projects/selenium_maven_cucumber/acceptance-tests"/>
    <property name="file.separator" value="/"/>
    <property name="line.separator" value="&#10;"/>
    <property name="java.vm.specification.vendor" value="Oracle Corporation"/>
    <property name="java.specification.name" value="Java Platform API Specification"/>
    <property name="java.awt.graphicsenv" value="sun.awt.CGraphicsEnvironment"/>
    <property name="surefire.real.class.path" value="/Users/sampath.mahavithana/Desktop/DftBlueBadge/Projects/selenium_maven_cucumber/acceptance-tests/target/surefire/surefirebooter267423319156550672.jar"/>
    <property name="sun.boot.class.path" value="/Library/Java/JavaVirtualMachines/jdk1.8.0_151.jdk/Contents/Home/jre/lib/resources.jar:/Library/Java/JavaVirtualMachines/jdk1.8.0_151.jdk/Contents/Home/jre/lib/rt.jar:/Library/Java/JavaVirtualMachines/jdk1.8.0_151.jdk/Contents/Home/jre/lib/sunrsasign.jar:/Library/Java/JavaVirtualMachines/jdk1.8.0_151.jdk/Contents/Home/jre/lib/jsse.jar:/Library/Java/JavaVirtualMachines/jdk1.8.0_151.jdk/Contents/Home/jre/lib/jce.jar:/Library/Java/JavaVirtualMachines/jdk1.8.0_151.jdk/Contents/Home/jre/lib/charsets.jar:/Library/Java/JavaVirtualMachines/jdk1.8.0_151.jdk/Contents/Home/jre/lib/jfr.jar:/Library/Java/JavaVirtualMachines/jdk1.8.0_151.jdk/Contents/Home/jre/classes"/>
    <property name="sun.management.compiler" value="HotSpot 64-Bit Tiered Compilers"/>
    <property name="ftp.nonProxyHosts" value="local|*.local|169.254/16|*.169.254/16"/>
    <property name="java.runtime.version" value="1.8.0_151-b12"/>
    <property name="user.name" value="sampath.mahavithana"/>
    <property name="path.separator" value=":"/>
    <property name="os.version" value="10.12.6"/>
    <property name="java.endorsed.dirs" value="/Library/Java/JavaVirtualMachines/jdk1.8.0_151.jdk/Contents/Home/jre/lib/endorsed"/>
    <property name="java.runtime.name" value="Java(TM) SE Runtime Environment"/>
    <property name="file.encoding" value="UTF-8"/>
    <property name="webdriver.base.url" value="http://localhost:8080"/>
    <property name="java.vm.name" value="Java HotSpot(TM) 64-Bit Server VM"/>
    <property name="localRepository" value="/Users/sampath.mahavithana/.m2/repository"/>
    <property name="cucumber.options" value="--tags @SignIn"/>
    <property name="java.vendor.url.bug" value="http://bugreport.sun.com/bugreport/"/>
    <property name="java.io.tmpdir" value="/var/folders/dv/1w_shrr937307v_mpvlm060w0000gn/T/"/>
    <property name="java.version" value="1.8.0_151"/>
    <property name="user.dir" value="/Users/sampath.mahavithana/Desktop/DftBlueBadge/Projects/selenium_maven_cucumber/acceptance-tests"/>
    <property name="os.arch" value="x86_64"/>
    <property name="java.vm.specification.name" value="Java Virtual Machine Specification"/>
    <property name="java.awt.printerjob" value="sun.lwawt.macosx.CPrinterJob"/>
    <property name="sun.os.patch.level" value="unknown"/>
    <property name="headless" value="false"/>
    <property name="java.library.path" value="/Users/sampath.mahavithana/Library/Java/Extensions:/Library/Java/Extensions:/Network/Library/Java/Extensions:/System/Library/Java/Extensions:/usr/lib/java:."/>
    <property name="java.vm.info" value="mixed mode"/>
    <property name="java.vendor" value="Oracle Corporation"/>
    <property name="java.vm.version" value="25.151-b12"/>
    <property name="java.ext.dirs" value="/Users/sampath.mahavithana/Library/Java/Extensions:/Library/Java/JavaVirtualMachines/jdk1.8.0_151.jdk/Contents/Home/jre/lib/ext:/Library/Java/Extensions:/Network/Library/Java/Extensions:/System/Library/Java/Extensions:/usr/lib/java"/>
    <property name="sun.io.unicode.encoding" value="UnicodeBig"/>
    <property name="java.class.version" value="52.0"/>
    <property name="buildDirectory" value="/Users/sampath.mahavithana/Desktop/DftBlueBadge/Projects/selenium_maven_cucumber/acceptance-tests/target"/>
    <property name="socksNonProxyHosts" value="local|*.local|169.254/16|*.169.254/16"/>
  </properties>
  <testcase name="Given I navigate to the &quot;sign-in&quot; page" classname="Scenario: Verify valid Sign in" time="0.001"/>
  <testcase name="Then I should see the page titled &quot;Sign in - GOV.UK Manage Blue Badges&quot;" classname="Scenario: Verify valid Sign in" time="0"/>
  <testcase name="And I type username &quot;abc@dft.gov.uk&quot; and password &quot;test123&quot;" classname="Scenario: Verify valid Sign in" time="0.004">
    <error message="Failed to find element matching &apos;By.id: emailAddress&apos;" type="java.lang.RuntimeException">java.lang.RuntimeException: Failed to find element matching 'By.id: emailAddress'
Caused by: org.openqa.selenium.TimeoutException: 
Expected condition failed: waiting for uk.gov.service.bluebadge.test.acceptance.pages.PageHelper$$Lambda$180/1640458320@49798e84 (tried for 5 second(s) with 500 milliseconds interval)
Build info: version: '3.10.0', revision: '176b4a9', time: '2018-03-02T19:03:16.397Z'
System info: host: 'SampathMahavithanas-MacBook-Pro.local', ip: '10.241.70.27', os.name: 'Mac OS X', os.arch: 'x86_64', os.version: '10.12.6', java.version: '1.8.0_151'
Driver info: org.openqa.selenium.remote.RemoteWebDriver
Capabilities {acceptInsecureCerts: false, acceptSslCerts: false, applicationCacheEnabled: false, browserConnectionEnabled: false, browserName: chrome, chrome: {chromedriverVersion: 2.35.528157 (4429ca2590d698..., userDataDir: /var/folders/dv/1w_shrr9373...}, cssSelectorsEnabled: true, databaseEnabled: false, handlesAlerts: true, hasTouchScreen: false, javascriptEnabled: true, locationContextEnabled: true, mobileEmulationEnabled: false, nativeEvents: true, networkConnectionEnabled: false, pageLoadStrategy: normal, platform: MAC, platformName: MAC, rotatable: false, setWindowRect: true, takesHeapSnapshot: true, takesScreenshot: true, unexpectedAlertBehaviour: , unhandledPromptBehavior: , version: 67.0.3396.99, webStorageEnabled: true}
Session ID: 1fa634ec488fdaf21295093063a357db
</error>
  </testcase>
  <testcase name="Scenario: Verify valid Sign in" classname="Scenario: Verify valid Sign in" time="0.004">
    <error message="Failed to find element matching &apos;By.id: emailAddress&apos;" type="java.lang.RuntimeException">java.lang.RuntimeException: Failed to find element matching 'By.id: emailAddress'
Caused by: org.openqa.selenium.TimeoutException: 
Expected condition failed: waiting for uk.gov.service.bluebadge.test.acceptance.pages.PageHelper$$Lambda$180/1640458320@49798e84 (tried for 5 second(s) with 500 milliseconds interval)
Build info: version: '3.10.0', revision: '176b4a9', time: '2018-03-02T19:03:16.397Z'
System info: host: 'SampathMahavithanas-MacBook-Pro.local', ip: '10.241.70.27', os.name: 'Mac OS X', os.arch: 'x86_64', os.version: '10.12.6', java.version: '1.8.0_151'
Driver info: org.openqa.selenium.remote.RemoteWebDriver
Capabilities {acceptInsecureCerts: false, acceptSslCerts: false, applicationCacheEnabled: false, browserConnectionEnabled: false, browserName: chrome, chrome: {chromedriverVersion: 2.35.528157 (4429ca2590d698..., userDataDir: /var/folders/dv/1w_shrr9373...}, cssSelectorsEnabled: true, databaseEnabled: false, handlesAlerts: true, hasTouchScreen: false, javascriptEnabled: true, locationContextEnabled: true, mobileEmulationEnabled: false, nativeEvents: true, networkConnectionEnabled: false, pageLoadStrategy: normal, platform: MAC, platformName: MAC, rotatable: false, setWindowRect: true, takesHeapSnapshot: true, takesScreenshot: true, unexpectedAlertBehaviour: , unhandledPromptBehavior: , version: 67.0.3396.99, webStorageEnabled: true}
Session ID: 1fa634ec488fdaf21295093063a357db
</error>
  </testcase>
  <testcase name="And I can click Sign in button" classname="Scenario: Verify valid Sign in" time="0">
    <skipped/>
  </testcase>
  <testcase name="Then I should see the page titled &quot;GOV.UK Manage Blue Badges&quot;" classname="Scenario: Verify valid Sign in" time="0">
    <skipped/>
  </testcase>
  <testcase name="And I should see LA name as &quot;Manchester City Council&quot;" classname="Scenario: Verify valid Sign in" time="0">
    <skipped/>
  </testcase>
  <testcase name="And I should see username as &quot;Sampath&quot;" classname="Scenario: Verify valid Sign in" time="0">
    <skipped/>
  </testcase>
  <testcase name="And I should see signout link" classname="Scenario: Verify valid Sign in" time="0">
    <skipped/>
  </testcase>
  <testcase name="Given I navigate to the &quot;sign-in&quot; page" classname="Scenario: Verify Sign in with an invalid email address" time="0"/>
  <testcase name="And I type username &quot;example&quot; and password &quot;test123&quot;" classname="Scenario: Verify Sign in with an invalid email address" time="0.001">
    <error message="Failed to find element matching &apos;By.id: emailAddress&apos;" type="java.lang.RuntimeException">java.lang.RuntimeException: Failed to find element matching 'By.id: emailAddress'
Caused by: org.openqa.selenium.TimeoutException: 
Expected condition failed: waiting for uk.gov.service.bluebadge.test.acceptance.pages.PageHelper$$Lambda$180/1640458320@14e2e1c3 (tried for 5 second(s) with 500 milliseconds interval)
Build info: version: '3.10.0', revision: '176b4a9', time: '2018-03-02T19:03:16.397Z'
System info: host: 'SampathMahavithanas-MacBook-Pro.local', ip: '10.241.70.27', os.name: 'Mac OS X', os.arch: 'x86_64', os.version: '10.12.6', java.version: '1.8.0_151'
Driver info: org.openqa.selenium.remote.RemoteWebDriver
Capabilities {acceptInsecureCerts: false, acceptSslCerts: false, applicationCacheEnabled: false, browserConnectionEnabled: false, browserName: chrome, chrome: {chromedriverVersion: 2.35.528157 (4429ca2590d698..., userDataDir: /var/folders/dv/1w_shrr9373...}, cssSelectorsEnabled: true, databaseEnabled: false, handlesAlerts: true, hasTouchScreen: false, javascriptEnabled: true, locationContextEnabled: true, mobileEmulationEnabled: false, nativeEvents: true, networkConnectionEnabled: false, pageLoadStrategy: normal, platform: MAC, platformName: MAC, rotatable: false, setWindowRect: true, takesHeapSnapshot: true, takesScreenshot: true, unexpectedAlertBehaviour: , unhandledPromptBehavior: , version: 67.0.3396.99, webStorageEnabled: true}
Session ID: 1d9813067f851611933e5d7b1f010c57
</error>
  </testcase>
  <testcase name="Scenario: Verify Sign in with an invalid email address" classname="Scenario: Verify Sign in with an invalid email address" time="0.001">
    <error message="Failed to find element matching &apos;By.id: emailAddress&apos;" type="java.lang.RuntimeException">java.lang.RuntimeException: Failed to find element matching 'By.id: emailAddress'
Caused by: org.openqa.selenium.TimeoutException: 
Expected condition failed: waiting for uk.gov.service.bluebadge.test.acceptance.pages.PageHelper$$Lambda$180/1640458320@14e2e1c3 (tried for 5 second(s) with 500 milliseconds interval)
Build info: version: '3.10.0', revision: '176b4a9', time: '2018-03-02T19:03:16.397Z'
System info: host: 'SampathMahavithanas-MacBook-Pro.local', ip: '10.241.70.27', os.name: 'Mac OS X', os.arch: 'x86_64', os.version: '10.12.6', java.version: '1.8.0_151'
Driver info: org.openqa.selenium.remote.RemoteWebDriver
Capabilities {acceptInsecureCerts: false, acceptSslCerts: false, applicationCacheEnabled: false, browserConnectionEnabled: false, browserName: chrome, chrome: {chromedriverVersion: 2.35.528157 (4429ca2590d698..., userDataDir: /var/folders/dv/1w_shrr9373...}, cssSelectorsEnabled: true, databaseEnabled: false, handlesAlerts: true, hasTouchScreen: false, javascriptEnabled: true, locationContextEnabled: true, mobileEmulationEnabled: false, nativeEvents: true, networkConnectionEnabled: false, pageLoadStrategy: normal, platform: MAC, platformName: MAC, rotatable: false, setWindowRect: true, takesHeapSnapshot: true, takesScreenshot: true, unexpectedAlertBehaviour: , unhandledPromptBehavior: , version: 67.0.3396.99, webStorageEnabled: true}
Session ID: 1d9813067f851611933e5d7b1f010c57
</error>
  </testcase>
  <testcase name="And I can click Sign in button" classname="Scenario: Verify Sign in with an invalid email address" time="0">
    <skipped/>
  </testcase>
  <testcase name="Then I should see the validation message for &quot;invalid email&quot; as &quot;Enter a valid email address&quot;" classname="Scenario: Verify Sign in with an invalid email address" time="0">
    <skipped/>
  </testcase>
  <testcase name="Given I navigate to the &quot;sign-in&quot; page" classname="Scenario: Verify Sign in with an invalid password" time="0"/>
  <testcase name="And I type username &quot;example@gmail.com&quot; and password &quot;&quot;" classname="Scenario: Verify Sign in with an invalid password" time="0">
    <error message="Failed to find element matching &apos;By.id: emailAddress&apos;" type="java.lang.RuntimeException">java.lang.RuntimeException: Failed to find element matching 'By.id: emailAddress'
Caused by: org.openqa.selenium.TimeoutException: 
Expected condition failed: waiting for uk.gov.service.bluebadge.test.acceptance.pages.PageHelper$$Lambda$180/1640458320@4a6c18ad (tried for 5 second(s) with 500 milliseconds interval)
Build info: version: '3.10.0', revision: '176b4a9', time: '2018-03-02T19:03:16.397Z'
System info: host: 'SampathMahavithanas-MacBook-Pro.local', ip: '10.241.70.27', os.name: 'Mac OS X', os.arch: 'x86_64', os.version: '10.12.6', java.version: '1.8.0_151'
Driver info: org.openqa.selenium.remote.RemoteWebDriver
Capabilities {acceptInsecureCerts: false, acceptSslCerts: false, applicationCacheEnabled: false, browserConnectionEnabled: false, browserName: chrome, chrome: {chromedriverVersion: 2.35.528157 (4429ca2590d698..., userDataDir: /var/folders/dv/1w_shrr9373...}, cssSelectorsEnabled: true, databaseEnabled: false, handlesAlerts: true, hasTouchScreen: false, javascriptEnabled: true, locationContextEnabled: true, mobileEmulationEnabled: false, nativeEvents: true, networkConnectionEnabled: false, pageLoadStrategy: normal, platform: MAC, platformName: MAC, rotatable: false, setWindowRect: true, takesHeapSnapshot: true, takesScreenshot: true, unexpectedAlertBehaviour: , unhandledPromptBehavior: , version: 67.0.3396.99, webStorageEnabled: true}
Session ID: bcef6a1c3e964fb0b7ebee5bb47438bc
</error>
  </testcase>
  <testcase name="Scenario: Verify Sign in with an invalid password" classname="Scenario: Verify Sign in with an invalid password" time="0.001">
    <error message="Failed to find element matching &apos;By.id: emailAddress&apos;" type="java.lang.RuntimeException">java.lang.RuntimeException: Failed to find element matching 'By.id: emailAddress'
Caused by: org.openqa.selenium.TimeoutException: 
Expected condition failed: waiting for uk.gov.service.bluebadge.test.acceptance.pages.PageHelper$$Lambda$180/1640458320@4a6c18ad (tried for 5 second(s) with 500 milliseconds interval)
Build info: version: '3.10.0', revision: '176b4a9', time: '2018-03-02T19:03:16.397Z'
System info: host: 'SampathMahavithanas-MacBook-Pro.local', ip: '10.241.70.27', os.name: 'Mac OS X', os.arch: 'x86_64', os.version: '10.12.6', java.version: '1.8.0_151'
Driver info: org.openqa.selenium.remote.RemoteWebDriver
Capabilities {acceptInsecureCerts: false, acceptSslCerts: false, applicationCacheEnabled: false, browserConnectionEnabled: false, browserName: chrome, chrome: {chromedriverVersion: 2.35.528157 (4429ca2590d698..., userDataDir: /var/folders/dv/1w_shrr9373...}, cssSelectorsEnabled: true, databaseEnabled: false, handlesAlerts: true, hasTouchScreen: false, javascriptEnabled: true, locationContextEnabled: true, mobileEmulationEnabled: false, nativeEvents: true, networkConnectionEnabled: false, pageLoadStrategy: normal, platform: MAC, platformName: MAC, rotatable: false, setWindowRect: true, takesHeapSnapshot: true, takesScreenshot: true, unexpectedAlertBehaviour: , unhandledPromptBehavior: , version: 67.0.3396.99, webStorageEnabled: true}
Session ID: bcef6a1c3e964fb0b7ebee5bb47438bc
</error>
  </testcase>
  <testcase name="And I can click Sign in button" classname="Scenario: Verify Sign in with an invalid password" time="0">
    <skipped/>
  </testcase>
  <testcase name="Then I should see the validation message for &quot;invalid password&quot; as &quot;Enter a password&quot;" classname="Scenario: Verify Sign in with an invalid password" time="0">
    <skipped/>
  </testcase>
  <testcase name="Given I navigate to the &quot;sign-in&quot; page" classname="Scenario: Verify Sign out" time="0"/>
  <testcase name="When I type username &quot;abc@dft.gov.uk&quot; and password &quot;test123&quot;" classname="Scenario: Verify Sign out" time="0.001">
    <error message="Failed to find element matching &apos;By.id: emailAddress&apos;" type="java.lang.RuntimeException">java.lang.RuntimeException: Failed to find element matching 'By.id: emailAddress'
Caused by: org.openqa.selenium.TimeoutException: 
Expected condition failed: waiting for uk.gov.service.bluebadge.test.acceptance.pages.PageHelper$$Lambda$180/1640458320@16c8b7bd (tried for 5 second(s) with 500 milliseconds interval)
Build info: version: '3.10.0', revision: '176b4a9', time: '2018-03-02T19:03:16.397Z'
System info: host: 'SampathMahavithanas-MacBook-Pro.local', ip: '10.241.70.27', os.name: 'Mac OS X', os.arch: 'x86_64', os.version: '10.12.6', java.version: '1.8.0_151'
Driver info: org.openqa.selenium.remote.RemoteWebDriver
Capabilities {acceptInsecureCerts: false, acceptSslCerts: false, applicationCacheEnabled: false, browserConnectionEnabled: false, browserName: chrome, chrome: {chromedriverVersion: 2.35.528157 (4429ca2590d698..., userDataDir: /var/folders/dv/1w_shrr9373...}, cssSelectorsEnabled: true, databaseEnabled: false, handlesAlerts: true, hasTouchScreen: false, javascriptEnabled: true, locationContextEnabled: true, mobileEmulationEnabled: false, nativeEvents: true, networkConnectionEnabled: false, pageLoadStrategy: normal, platform: MAC, platformName: MAC, rotatable: false, setWindowRect: true, takesHeapSnapshot: true, takesScreenshot: true, unexpectedAlertBehaviour: , unhandledPromptBehavior: , version: 67.0.3396.99, webStorageEnabled: true}
Session ID: e2f410ec0d4dfee5c1d6af7fd98cdab0
</error>
  </testcase>
  <testcase name="Scenario: Verify Sign out" classname="Scenario: Verify Sign out" time="0.001">
    <error message="Failed to find element matching &apos;By.id: emailAddress&apos;" type="java.lang.RuntimeException">java.lang.RuntimeException: Failed to find element matching 'By.id: emailAddress'
Caused by: org.openqa.selenium.TimeoutException: 
Expected condition failed: waiting for uk.gov.service.bluebadge.test.acceptance.pages.PageHelper$$Lambda$180/1640458320@16c8b7bd (tried for 5 second(s) with 500 milliseconds interval)
Build info: version: '3.10.0', revision: '176b4a9', time: '2018-03-02T19:03:16.397Z'
System info: host: 'SampathMahavithanas-MacBook-Pro.local', ip: '10.241.70.27', os.name: 'Mac OS X', os.arch: 'x86_64', os.version: '10.12.6', java.version: '1.8.0_151'
Driver info: org.openqa.selenium.remote.RemoteWebDriver
Capabilities {acceptInsecureCerts: false, acceptSslCerts: false, applicationCacheEnabled: false, browserConnectionEnabled: false, browserName: chrome, chrome: {chromedriverVersion: 2.35.528157 (4429ca2590d698..., userDataDir: /var/folders/dv/1w_shrr9373...}, cssSelectorsEnabled: true, databaseEnabled: false, handlesAlerts: true, hasTouchScreen: false, javascriptEnabled: true, locationContextEnabled: true, mobileEmulationEnabled: false, nativeEvents: true, networkConnectionEnabled: false, pageLoadStrategy: normal, platform: MAC, platformName: MAC, rotatable: false, setWindowRect: true, takesHeapSnapshot: true, takesScreenshot: true, unexpectedAlertBehaviour: , unhandledPromptBehavior: , version: 67.0.3396.99, webStorageEnabled: true}
Session ID: e2f410ec0d4dfee5c1d6af7fd98cdab0
</error>
  </testcase>
  <testcase name="And I can click Sign in button" classname="Scenario: Verify Sign out" time="0">
    <skipped/>
  </testcase>
  <testcase name="And I can click on the &quot;Sign out&quot; link" classname="Scenario: Verify Sign out" time="0">
    <skipped/>
  </testcase>
  <testcase name="Then I should see the title &quot;Sign in&quot;" classname="Scenario: Verify Sign out" time="0">
    <skipped/>
  </testcase>
</testsuite>